Reading netlist file: "C:\Users\james\OneDrive\verilog\hardware_accel\xorlfsr\tang_xorlfsr\impl\gwsynthesis\tang_xorlfsr.vg"
Parsing netlist file "C:\Users\james\OneDrive\verilog\hardware_accel\xorlfsr\tang_xorlfsr\impl\gwsynthesis\tang_xorlfsr.vg" completed
Processing netlist completed
Reading constraint file: "C:\Users\james\OneDrive\verilog\hardware_accel\xorlfsr\tang_xorlfsr\src\tangnano20k.cst"
Physical Constraint parsed completed
Running placement......
[10%] Placement Phase 0 completed
[20%] Placement Phase 1 completed
[30%] Placement Phase 2 completed
[50%] Placement Phase 3 completed
Running routing......
[60%] Routing Phase 0 completed
[70%] Routing Phase 1 completed
[80%] Routing Phase 2 completed
WARN  (PR1014) : Generic routing resource will be used to clock signal 'dataclk_d' by the specified constraint. And then it may lead to the excessive delay or skew
[90%] Routing Phase 3 completed
Running timing analysis......
[95%] Timing analysis completed
Placement and routing completed
Bitstream generation in progress......
Bitstream generation completed
Running power analysis......
[100%] Power analysis completed
Generate file "C:\Users\james\OneDrive\verilog\hardware_accel\xorlfsr\tang_xorlfsr\impl\pnr\tang_xorlfsr.power.html" completed
Generate file "C:\Users\james\OneDrive\verilog\hardware_accel\xorlfsr\tang_xorlfsr\impl\pnr\tang_xorlfsr.pin.html" completed
Generate file "C:\Users\james\OneDrive\verilog\hardware_accel\xorlfsr\tang_xorlfsr\impl\pnr\tang_xorlfsr.rpt.html" completed
Generate file "C:\Users\james\OneDrive\verilog\hardware_accel\xorlfsr\tang_xorlfsr\impl\pnr\tang_xorlfsr.rpt.txt" completed
Generate file "C:\Users\james\OneDrive\verilog\hardware_accel\xorlfsr\tang_xorlfsr\impl\pnr\tang_xorlfsr.tr.html" completed
Sun Jul 09 08:21:28 2023

